2017-03-07 15:07:46 [-][-][-][error][yii\console\UnknownCommandException] exception 'yii\base\InvalidRouteException' with message 'Unable to resolve the request "magrate".' in G:\WWW\mouth9\vendor\yiisoft\yii2\base\Module.php:532
Stack trace:
#0 G:\WWW\mouth9\vendor\yiisoft\yii2\console\Application.php(180): yii\base\Module->runAction('magrate', Array)
#1 G:\WWW\mouth9\vendor\yiisoft\yii2\console\Application.php(147): yii\console\Application->runAction('magrate', Array)
#2 G:\WWW\mouth9\vendor\yiisoft\yii2\base\Application.php(380): yii\console\Application->handleRequest(Object(yii\console\Request))
#3 G:\WWW\mouth9\yii(27): yii\base\Application->run()
#4 {main}

Next exception 'yii\console\UnknownCommandException' with message 'Unknown command "magrate".' in G:\WWW\mouth9\vendor\yiisoft\yii2\console\Application.php:183
Stack trace:
#0 G:\WWW\mouth9\vendor\yiisoft\yii2\console\Application.php(147): yii\console\Application->runAction('magrate', Array)
#1 G:\WWW\mouth9\vendor\yiisoft\yii2\base\Application.php(380): yii\console\Application->handleRequest(Object(yii\console\Request))
#2 G:\WWW\mouth9\yii(27): yii\base\Application->run()
#3 {main}
2017-03-07 15:07:45 [-][-][-][info][application] $_SERVER = [
    'ALLUSERSPROFILE' => 'C:\\ProgramData'
    'APPDATA' => 'C:\\Users\\Administrator\\AppData\\Roaming'
    'CommonProgramFiles' => 'C:\\Program Files (x86)\\Common Files'
    'CommonProgramFiles(x86)' => 'C:\\Program Files (x86)\\Common Files'
    'CommonProgramW6432' => 'C:\\Program Files\\Common Files'
    'COMPUTERNAME' => 'PC201207261041'
    'ComSpec' => 'C:\\Windows\\system32\\cmd.exe'
    'DEVMGR_SHOW_DETAILS' => '1'
    'FP_NO_HOST_CHECK' => 'NO'
    'HOMEDRIVE' => 'C:'
    'HOMEPATH' => '\\Users\\Administrator'
    'LOCALAPPDATA' => 'C:\\Users\\Administrator\\AppData\\Local'
    'LOGONSERVER' => '\\\\PC201207261041'
    'MOZ_PLUGIN_PATH' => 'H:\\Foxit Reader\\plugins\\'
    'NUMBER_OF_PROCESSORS' => '4'
    'OS' => 'Windows_NT'
    'Path' => 'C:\\Windows\\system32;C:\\Windows;C:\\Windows\\System32\\Wbem;C:\\Windows\\System32\\WindowsPowerShell\\v1.0\\;C:\\Program Files (x86)\\NVIDIA Corporation\\PhysX\\Common;G:\\web\\bin;G:\\svn\\bin;G:\\phpstudy\\phpStudy\\php54n'
    'PATHEXT' => '.COM;.EXE;.BAT;.CMD;.VBS;.VBE;.JS;.JSE;.WSF;.WSH;.MSC'
    'PHP_COMMAND' => 'php.exe'
    'PROCESSOR_ARCHITECTURE' => 'x86'
    'PROCESSOR_ARCHITEW6432' => 'AMD64'
    'PROCESSOR_IDENTIFIER' => 'Intel64 Family 6 Model 61 Stepping 4, GenuineIntel'
    'PROCESSOR_LEVEL' => '6'
    'PROCESSOR_REVISION' => '3d04'
    'ProgramData' => 'C:\\ProgramData'
    'ProgramFiles' => 'C:\\Program Files (x86)'
    'ProgramFiles(x86)' => 'C:\\Program Files (x86)'
    'ProgramW6432' => 'C:\\Program Files'
    'PROMPT' => '$P$G'
    'PSModulePath' => 'C:\\Windows\\system32\\WindowsPowerShell\\v1.0\\Modules\\'
    'PUBLIC' => 'C:\\Users\\Public'
    'SESSIONNAME' => 'Console'
    'SystemDrive' => 'C:'
    'SystemRoot' => 'C:\\Windows'
    'TEMP' => 'C:\\Users\\ADMINI~1\\AppData\\Local\\Temp'
    'TMP' => 'C:\\Users\\ADMINI~1\\AppData\\Local\\Temp'
    'USERDOMAIN' => 'PC201207261041'
    'USERNAME' => 'Administrator'
    'USERPROFILE' => 'C:\\Users\\Administrator'
    'windir' => 'C:\\Windows'
    'windows_tracing_flags' => '3'
    'windows_tracing_logfile' => 'C:\\BVTBin\\Tests\\installpackage\\csilogfile.log'
    'YII_PATH' => 'G:\\WWW\\mouth9\\'
    'PHP_SELF' => 'G:\\WWW\\mouth9\\yii'
    'SCRIPT_NAME' => 'G:\\WWW\\mouth9\\yii'
    'SCRIPT_FILENAME' => 'G:\\WWW\\mouth9\\yii'
    'PATH_TRANSLATED' => 'G:\\WWW\\mouth9\\yii'
    'DOCUMENT_ROOT' => ''
    'REQUEST_TIME_FLOAT' => 1488870465.643
    'REQUEST_TIME' => 1488870465
    'argv' => [
        0 => 'G:\\WWW\\mouth9\\yii'
        1 => 'magrate'
    ]
    'argc' => 2
]
